Apr 07, 2025 1:30:10 PM ai.glog.plugins.spotbugs.bug.resolve.SpringMvcEndpointResolver getDetailText
SEVERE: next on empty iterator
java.util.NoSuchElementException: next on empty iterator
	at scala.collection.Iterator$$anon$19.next(Iterator.scala:973)
	at scala.collection.Iterator$$anon$19.next(Iterator.scala:971)
	at scala.collection.Iterator$$anon$6.next(Iterator.scala:492)
	at flatgraph.traversal.GenericSteps$.head$extension(Language.scala:77)
	at ai.glog.cpg.analysis.TypeAnalyzer.getPublicStringFields(TypeAnalyzer.scala:25)
	at ai.glog.cpg.analysis.MethodAnalyzer$.getFieldsToRemediate$$anonfun$1$$anonfun$3(MethodAnalyzer.scala:60)
	at scala.runtime.function.JProcedure1.apply(JProcedure1.java:15)
	at scala.runtime.function.JProcedure1.apply(JProcedure1.java:10)
	at scala.collection.IterableOnceOps.foreach(IterableOnce.scala:576)
	at scala.collection.IterableOnceOps.foreach$(IterableOnce.scala:574)
	at scala.collection.AbstractIterator.foreach(Iterator.scala:1300)
	at ai.glog.cpg.analysis.MethodAnalyzer$.getFieldsToRemediate$$anonfun$1(MethodAnalyzer.scala:72)
	at scala.runtime.function.JProcedure1.apply(JProcedure1.java:15)
	at scala.runtime.function.JProcedure1.apply(JProcedure1.java:10)
	at scala.collection.IterableOnceOps.foreach(IterableOnce.scala:576)
	at scala.collection.IterableOnceOps.foreach$(IterableOnce.scala:574)
	at scala.collection.AbstractIterator.foreach(Iterator.scala:1300)
	at ai.glog.cpg.analysis.MethodAnalyzer$.getFieldsToRemediate(MethodAnalyzer.scala:75)
	at ai.glog.cpg.analysis.MethodAnalyzer.getFieldsToRemediate(MethodAnalyzer.scala)
	at ai.glog.plugins.spotbugs.bug.resolve.SpringMvcEndpointResolver.getFieldsToRemediate(SpringMvcEndpointResolver.java:238)
	at ai.glog.plugins.spotbugs.bug.resolve.SpringMvcEndpointResolver.getDetailText(SpringMvcEndpointResolver.java:180)
	at ai.glog.execute.GlogTriage.execute(GlogTriage.java:71)
	at ai.glog.GlogCommandLine.main(GlogCommandLine.java:65)

Apr 07, 2025 1:30:10 PM ai.glog.plugins.spotbugs.bug.resolve.SpringMvcEndpointResolver getDetailText
SEVERE: next on empty iterator
java.util.NoSuchElementException: next on empty iterator
	at scala.collection.Iterator$$anon$19.next(Iterator.scala:973)
	at scala.collection.Iterator$$anon$19.next(Iterator.scala:971)
	at scala.collection.Iterator$$anon$6.next(Iterator.scala:492)
	at flatgraph.traversal.GenericSteps$.head$extension(Language.scala:77)
	at ai.glog.cpg.analysis.TypeAnalyzer.getPublicStringFields(TypeAnalyzer.scala:25)
	at ai.glog.cpg.analysis.MethodAnalyzer$.getFieldsToRemediate$$anonfun$1$$anonfun$3(MethodAnalyzer.scala:60)
	at scala.runtime.function.JProcedure1.apply(JProcedure1.java:15)
	at scala.runtime.function.JProcedure1.apply(JProcedure1.java:10)
	at scala.collection.IterableOnceOps.foreach(IterableOnce.scala:576)
	at scala.collection.IterableOnceOps.foreach$(IterableOnce.scala:574)
	at scala.collection.AbstractIterator.foreach(Iterator.scala:1300)
	at ai.glog.cpg.analysis.MethodAnalyzer$.getFieldsToRemediate$$anonfun$1(MethodAnalyzer.scala:72)
	at scala.runtime.function.JProcedure1.apply(JProcedure1.java:15)
	at scala.runtime.function.JProcedure1.apply(JProcedure1.java:10)
	at scala.collection.IterableOnceOps.foreach(IterableOnce.scala:576)
	at scala.collection.IterableOnceOps.foreach$(IterableOnce.scala:574)
	at scala.collection.AbstractIterator.foreach(Iterator.scala:1300)
	at ai.glog.cpg.analysis.MethodAnalyzer$.getFieldsToRemediate(MethodAnalyzer.scala:75)
	at ai.glog.cpg.analysis.MethodAnalyzer.getFieldsToRemediate(MethodAnalyzer.scala)
	at ai.glog.plugins.spotbugs.bug.resolve.SpringMvcEndpointResolver.getFieldsToRemediate(SpringMvcEndpointResolver.java:238)
	at ai.glog.plugins.spotbugs.bug.resolve.SpringMvcEndpointResolver.getDetailText(SpringMvcEndpointResolver.java:180)
	at ai.glog.execute.GlogTriage.setDetailsForGenuineFinding(GlogTriage.java:150)
	at ai.glog.execute.GlogTriage.execute(GlogTriage.java:73)
	at ai.glog.GlogCommandLine.main(GlogCommandLine.java:65)

Apr 07, 2025 1:30:13 PM ai.glog.plugins.spotbugs.bug.resolve.SpringMvcEndpointResolver getDetailText
SEVERE: next on empty iterator
java.util.NoSuchElementException: next on empty iterator
	at scala.collection.Iterator$$anon$19.next(Iterator.scala:973)
	at scala.collection.Iterator$$anon$19.next(Iterator.scala:971)
	at scala.collection.Iterator$$anon$6.next(Iterator.scala:492)
	at flatgraph.traversal.GenericSteps$.head$extension(Language.scala:77)
	at ai.glog.cpg.analysis.TypeAnalyzer.getPublicStringFields(TypeAnalyzer.scala:25)
	at ai.glog.cpg.analysis.MethodAnalyzer$.getFieldsToRemediate$$anonfun$1$$anonfun$3(MethodAnalyzer.scala:60)
	at scala.runtime.function.JProcedure1.apply(JProcedure1.java:15)
	at scala.runtime.function.JProcedure1.apply(JProcedure1.java:10)
	at scala.collection.IterableOnceOps.foreach(IterableOnce.scala:576)
	at scala.collection.IterableOnceOps.foreach$(IterableOnce.scala:574)
	at scala.collection.AbstractIterator.foreach(Iterator.scala:1300)
	at ai.glog.cpg.analysis.MethodAnalyzer$.getFieldsToRemediate$$anonfun$1(MethodAnalyzer.scala:72)
	at scala.runtime.function.JProcedure1.apply(JProcedure1.java:15)
	at scala.runtime.function.JProcedure1.apply(JProcedure1.java:10)
	at scala.collection.IterableOnceOps.foreach(IterableOnce.scala:576)
	at scala.collection.IterableOnceOps.foreach$(IterableOnce.scala:574)
	at scala.collection.AbstractIterator.foreach(Iterator.scala:1300)
	at ai.glog.cpg.analysis.MethodAnalyzer$.getFieldsToRemediate(MethodAnalyzer.scala:75)
	at ai.glog.cpg.analysis.MethodAnalyzer.getFieldsToRemediate(MethodAnalyzer.scala)
	at ai.glog.plugins.spotbugs.bug.resolve.SpringMvcEndpointResolver.getFieldsToRemediate(SpringMvcEndpointResolver.java:238)
	at ai.glog.plugins.spotbugs.bug.resolve.SpringMvcEndpointResolver.getDetailText(SpringMvcEndpointResolver.java:180)
	at ai.glog.execute.GlogTriage.execute(GlogTriage.java:71)
	at ai.glog.GlogCommandLine.main(GlogCommandLine.java:65)

Apr 07, 2025 1:30:13 PM ai.glog.plugins.spotbugs.bug.resolve.SpringMvcEndpointResolver getDetailText
SEVERE: next on empty iterator
java.util.NoSuchElementException: next on empty iterator
	at scala.collection.Iterator$$anon$19.next(Iterator.scala:973)
	at scala.collection.Iterator$$anon$19.next(Iterator.scala:971)
	at scala.collection.Iterator$$anon$6.next(Iterator.scala:492)
	at flatgraph.traversal.GenericSteps$.head$extension(Language.scala:77)
	at ai.glog.cpg.analysis.TypeAnalyzer.getPublicStringFields(TypeAnalyzer.scala:25)
	at ai.glog.cpg.analysis.MethodAnalyzer$.getFieldsToRemediate$$anonfun$1$$anonfun$3(MethodAnalyzer.scala:60)
	at scala.runtime.function.JProcedure1.apply(JProcedure1.java:15)
	at scala.runtime.function.JProcedure1.apply(JProcedure1.java:10)
	at scala.collection.IterableOnceOps.foreach(IterableOnce.scala:576)
	at scala.collection.IterableOnceOps.foreach$(IterableOnce.scala:574)
	at scala.collection.AbstractIterator.foreach(Iterator.scala:1300)
	at ai.glog.cpg.analysis.MethodAnalyzer$.getFieldsToRemediate$$anonfun$1(MethodAnalyzer.scala:72)
	at scala.runtime.function.JProcedure1.apply(JProcedure1.java:15)
	at scala.runtime.function.JProcedure1.apply(JProcedure1.java:10)
	at scala.collection.IterableOnceOps.foreach(IterableOnce.scala:576)
	at scala.collection.IterableOnceOps.foreach$(IterableOnce.scala:574)
	at scala.collection.AbstractIterator.foreach(Iterator.scala:1300)
	at ai.glog.cpg.analysis.MethodAnalyzer$.getFieldsToRemediate(MethodAnalyzer.scala:75)
	at ai.glog.cpg.analysis.MethodAnalyzer.getFieldsToRemediate(MethodAnalyzer.scala)
	at ai.glog.plugins.spotbugs.bug.resolve.SpringMvcEndpointResolver.getFieldsToRemediate(SpringMvcEndpointResolver.java:238)
	at ai.glog.plugins.spotbugs.bug.resolve.SpringMvcEndpointResolver.getDetailText(SpringMvcEndpointResolver.java:180)
	at ai.glog.execute.GlogTriage.setDetailsForGenuineFinding(GlogTriage.java:150)
	at ai.glog.execute.GlogTriage.execute(GlogTriage.java:73)
	at ai.glog.GlogCommandLine.main(GlogCommandLine.java:65)

Apr 07, 2025 1:30:14 PM ai.glog.plugins.spotbugs.bug.resolve.SpringMvcEndpointResolver getDetailText
SEVERE: next on empty iterator
java.util.NoSuchElementException: next on empty iterator
	at scala.collection.Iterator$$anon$19.next(Iterator.scala:973)
	at scala.collection.Iterator$$anon$19.next(Iterator.scala:971)
	at scala.collection.Iterator$$anon$6.next(Iterator.scala:492)
	at flatgraph.traversal.GenericSteps$.head$extension(Language.scala:77)
	at ai.glog.cpg.analysis.TypeAnalyzer.getPublicStringFields(TypeAnalyzer.scala:25)
	at ai.glog.cpg.analysis.MethodAnalyzer$.getFieldsToRemediate$$anonfun$1$$anonfun$3(MethodAnalyzer.scala:60)
	at scala.runtime.function.JProcedure1.apply(JProcedure1.java:15)
	at scala.runtime.function.JProcedure1.apply(JProcedure1.java:10)
	at scala.collection.IterableOnceOps.foreach(IterableOnce.scala:576)
	at scala.collection.IterableOnceOps.foreach$(IterableOnce.scala:574)
	at scala.collection.AbstractIterator.foreach(Iterator.scala:1300)
	at ai.glog.cpg.analysis.MethodAnalyzer$.getFieldsToRemediate$$anonfun$1(MethodAnalyzer.scala:72)
	at scala.runtime.function.JProcedure1.apply(JProcedure1.java:15)
	at scala.runtime.function.JProcedure1.apply(JProcedure1.java:10)
	at scala.collection.IterableOnceOps.foreach(IterableOnce.scala:576)
	at scala.collection.IterableOnceOps.foreach$(IterableOnce.scala:574)
	at scala.collection.AbstractIterator.foreach(Iterator.scala:1300)
	at ai.glog.cpg.analysis.MethodAnalyzer$.getFieldsToRemediate(MethodAnalyzer.scala:75)
	at ai.glog.cpg.analysis.MethodAnalyzer.getFieldsToRemediate(MethodAnalyzer.scala)
	at ai.glog.plugins.spotbugs.bug.resolve.SpringMvcEndpointResolver.getFieldsToRemediate(SpringMvcEndpointResolver.java:238)
	at ai.glog.plugins.spotbugs.bug.resolve.SpringMvcEndpointResolver.getDetailText(SpringMvcEndpointResolver.java:180)
	at ai.glog.execute.GlogTriage.execute(GlogTriage.java:71)
	at ai.glog.GlogCommandLine.main(GlogCommandLine.java:65)

Apr 07, 2025 1:30:14 PM ai.glog.plugins.spotbugs.bug.resolve.SpringMvcEndpointResolver getDetailText
SEVERE: next on empty iterator
java.util.NoSuchElementException: next on empty iterator
	at scala.collection.Iterator$$anon$19.next(Iterator.scala:973)
	at scala.collection.Iterator$$anon$19.next(Iterator.scala:971)
	at scala.collection.Iterator$$anon$6.next(Iterator.scala:492)
	at flatgraph.traversal.GenericSteps$.head$extension(Language.scala:77)
	at ai.glog.cpg.analysis.TypeAnalyzer.getPublicStringFields(TypeAnalyzer.scala:25)
	at ai.glog.cpg.analysis.MethodAnalyzer$.getFieldsToRemediate$$anonfun$1$$anonfun$3(MethodAnalyzer.scala:60)
	at scala.runtime.function.JProcedure1.apply(JProcedure1.java:15)
	at scala.runtime.function.JProcedure1.apply(JProcedure1.java:10)
	at scala.collection.IterableOnceOps.foreach(IterableOnce.scala:576)
	at scala.collection.IterableOnceOps.foreach$(IterableOnce.scala:574)
	at scala.collection.AbstractIterator.foreach(Iterator.scala:1300)
	at ai.glog.cpg.analysis.MethodAnalyzer$.getFieldsToRemediate$$anonfun$1(MethodAnalyzer.scala:72)
	at scala.runtime.function.JProcedure1.apply(JProcedure1.java:15)
	at scala.runtime.function.JProcedure1.apply(JProcedure1.java:10)
	at scala.collection.IterableOnceOps.foreach(IterableOnce.scala:576)
	at scala.collection.IterableOnceOps.foreach$(IterableOnce.scala:574)
	at scala.collection.AbstractIterator.foreach(Iterator.scala:1300)
	at ai.glog.cpg.analysis.MethodAnalyzer$.getFieldsToRemediate(MethodAnalyzer.scala:75)
	at ai.glog.cpg.analysis.MethodAnalyzer.getFieldsToRemediate(MethodAnalyzer.scala)
	at ai.glog.plugins.spotbugs.bug.resolve.SpringMvcEndpointResolver.getFieldsToRemediate(SpringMvcEndpointResolver.java:238)
	at ai.glog.plugins.spotbugs.bug.resolve.SpringMvcEndpointResolver.getDetailText(SpringMvcEndpointResolver.java:180)
	at ai.glog.execute.GlogTriage.setDetailsForGenuineFinding(GlogTriage.java:150)
	at ai.glog.execute.GlogTriage.execute(GlogTriage.java:73)
	at ai.glog.GlogCommandLine.main(GlogCommandLine.java:65)

Apr 07, 2025 1:30:21 PM ai.glog.plugins.spotbugs.bug.resolve.SpringMvcEndpointResolver getDetailText
SEVERE: next on empty iterator
java.util.NoSuchElementException: next on empty iterator
	at scala.collection.Iterator$$anon$19.next(Iterator.scala:973)
	at scala.collection.Iterator$$anon$19.next(Iterator.scala:971)
	at scala.collection.Iterator$$anon$6.next(Iterator.scala:492)
	at flatgraph.traversal.GenericSteps$.head$extension(Language.scala:77)
	at ai.glog.cpg.analysis.TypeAnalyzer.getPublicStringFields(TypeAnalyzer.scala:25)
	at ai.glog.cpg.analysis.MethodAnalyzer$.getFieldsToRemediate$$anonfun$1$$anonfun$3(MethodAnalyzer.scala:60)
	at scala.runtime.function.JProcedure1.apply(JProcedure1.java:15)
	at scala.runtime.function.JProcedure1.apply(JProcedure1.java:10)
	at scala.collection.IterableOnceOps.foreach(IterableOnce.scala:576)
	at scala.collection.IterableOnceOps.foreach$(IterableOnce.scala:574)
	at scala.collection.AbstractIterator.foreach(Iterator.scala:1300)
	at ai.glog.cpg.analysis.MethodAnalyzer$.getFieldsToRemediate$$anonfun$1(MethodAnalyzer.scala:72)
	at scala.runtime.function.JProcedure1.apply(JProcedure1.java:15)
	at scala.runtime.function.JProcedure1.apply(JProcedure1.java:10)
	at scala.collection.IterableOnceOps.foreach(IterableOnce.scala:576)
	at scala.collection.IterableOnceOps.foreach$(IterableOnce.scala:574)
	at scala.collection.AbstractIterator.foreach(Iterator.scala:1300)
	at ai.glog.cpg.analysis.MethodAnalyzer$.getFieldsToRemediate(MethodAnalyzer.scala:75)
	at ai.glog.cpg.analysis.MethodAnalyzer.getFieldsToRemediate(MethodAnalyzer.scala)
	at ai.glog.plugins.spotbugs.bug.resolve.SpringMvcEndpointResolver.getFieldsToRemediate(SpringMvcEndpointResolver.java:238)
	at ai.glog.plugins.spotbugs.bug.resolve.SpringMvcEndpointResolver.getDetailText(SpringMvcEndpointResolver.java:180)
	at ai.glog.execute.GlogTriage.execute(GlogTriage.java:71)
	at ai.glog.GlogCommandLine.main(GlogCommandLine.java:65)

Apr 07, 2025 1:30:21 PM ai.glog.plugins.spotbugs.bug.resolve.SpringMvcEndpointResolver getDetailText
SEVERE: next on empty iterator
java.util.NoSuchElementException: next on empty iterator
	at scala.collection.Iterator$$anon$19.next(Iterator.scala:973)
	at scala.collection.Iterator$$anon$19.next(Iterator.scala:971)
	at scala.collection.Iterator$$anon$6.next(Iterator.scala:492)
	at flatgraph.traversal.GenericSteps$.head$extension(Language.scala:77)
	at ai.glog.cpg.analysis.TypeAnalyzer.getPublicStringFields(TypeAnalyzer.scala:25)
	at ai.glog.cpg.analysis.MethodAnalyzer$.getFieldsToRemediate$$anonfun$1$$anonfun$3(MethodAnalyzer.scala:60)
	at scala.runtime.function.JProcedure1.apply(JProcedure1.java:15)
	at scala.runtime.function.JProcedure1.apply(JProcedure1.java:10)
	at scala.collection.IterableOnceOps.foreach(IterableOnce.scala:576)
	at scala.collection.IterableOnceOps.foreach$(IterableOnce.scala:574)
	at scala.collection.AbstractIterator.foreach(Iterator.scala:1300)
	at ai.glog.cpg.analysis.MethodAnalyzer$.getFieldsToRemediate$$anonfun$1(MethodAnalyzer.scala:72)
	at scala.runtime.function.JProcedure1.apply(JProcedure1.java:15)
	at scala.runtime.function.JProcedure1.apply(JProcedure1.java:10)
	at scala.collection.IterableOnceOps.foreach(IterableOnce.scala:576)
	at scala.collection.IterableOnceOps.foreach$(IterableOnce.scala:574)
	at scala.collection.AbstractIterator.foreach(Iterator.scala:1300)
	at ai.glog.cpg.analysis.MethodAnalyzer$.getFieldsToRemediate(MethodAnalyzer.scala:75)
	at ai.glog.cpg.analysis.MethodAnalyzer.getFieldsToRemediate(MethodAnalyzer.scala)
	at ai.glog.plugins.spotbugs.bug.resolve.SpringMvcEndpointResolver.getFieldsToRemediate(SpringMvcEndpointResolver.java:238)
	at ai.glog.plugins.spotbugs.bug.resolve.SpringMvcEndpointResolver.getDetailText(SpringMvcEndpointResolver.java:180)
	at ai.glog.execute.GlogTriage.setDetailsForGenuineFinding(GlogTriage.java:150)
	at ai.glog.execute.GlogTriage.execute(GlogTriage.java:73)
	at ai.glog.GlogCommandLine.main(GlogCommandLine.java:65)

Apr 07, 2025 1:30:21 PM ai.glog.plugins.spotbugs.bug.resolve.SpringMvcEndpointResolver getDetailText
SEVERE: next on empty iterator
java.util.NoSuchElementException: next on empty iterator
	at scala.collection.Iterator$$anon$19.next(Iterator.scala:973)
	at scala.collection.Iterator$$anon$19.next(Iterator.scala:971)
	at scala.collection.Iterator$$anon$6.next(Iterator.scala:492)
	at flatgraph.traversal.GenericSteps$.head$extension(Language.scala:77)
	at ai.glog.cpg.analysis.TypeAnalyzer.getPublicStringFields(TypeAnalyzer.scala:25)
	at ai.glog.cpg.analysis.MethodAnalyzer$.getFieldsToRemediate$$anonfun$1$$anonfun$3(MethodAnalyzer.scala:60)
	at scala.runtime.function.JProcedure1.apply(JProcedure1.java:15)
	at scala.runtime.function.JProcedure1.apply(JProcedure1.java:10)
	at scala.collection.IterableOnceOps.foreach(IterableOnce.scala:576)
	at scala.collection.IterableOnceOps.foreach$(IterableOnce.scala:574)
	at scala.collection.AbstractIterator.foreach(Iterator.scala:1300)
	at ai.glog.cpg.analysis.MethodAnalyzer$.getFieldsToRemediate$$anonfun$1(MethodAnalyzer.scala:72)
	at scala.runtime.function.JProcedure1.apply(JProcedure1.java:15)
	at scala.runtime.function.JProcedure1.apply(JProcedure1.java:10)
	at scala.collection.IterableOnceOps.foreach(IterableOnce.scala:576)
	at scala.collection.IterableOnceOps.foreach$(IterableOnce.scala:574)
	at scala.collection.AbstractIterator.foreach(Iterator.scala:1300)
	at ai.glog.cpg.analysis.MethodAnalyzer$.getFieldsToRemediate(MethodAnalyzer.scala:75)
	at ai.glog.cpg.analysis.MethodAnalyzer.getFieldsToRemediate(MethodAnalyzer.scala)
	at ai.glog.plugins.spotbugs.bug.resolve.SpringMvcEndpointResolver.getFieldsToRemediate(SpringMvcEndpointResolver.java:238)
	at ai.glog.plugins.spotbugs.bug.resolve.SpringMvcEndpointResolver.getDetailText(SpringMvcEndpointResolver.java:180)
	at ai.glog.execute.GlogTriage.execute(GlogTriage.java:71)
	at ai.glog.GlogCommandLine.main(GlogCommandLine.java:65)

Apr 07, 2025 1:30:21 PM ai.glog.plugins.spotbugs.bug.resolve.SpringMvcEndpointResolver getDetailText
SEVERE: next on empty iterator
java.util.NoSuchElementException: next on empty iterator
	at scala.collection.Iterator$$anon$19.next(Iterator.scala:973)
	at scala.collection.Iterator$$anon$19.next(Iterator.scala:971)
	at scala.collection.Iterator$$anon$6.next(Iterator.scala:492)
	at flatgraph.traversal.GenericSteps$.head$extension(Language.scala:77)
	at ai.glog.cpg.analysis.TypeAnalyzer.getPublicStringFields(TypeAnalyzer.scala:25)
	at ai.glog.cpg.analysis.MethodAnalyzer$.getFieldsToRemediate$$anonfun$1$$anonfun$3(MethodAnalyzer.scala:60)
	at scala.runtime.function.JProcedure1.apply(JProcedure1.java:15)
	at scala.runtime.function.JProcedure1.apply(JProcedure1.java:10)
	at scala.collection.IterableOnceOps.foreach(IterableOnce.scala:576)
	at scala.collection.IterableOnceOps.foreach$(IterableOnce.scala:574)
	at scala.collection.AbstractIterator.foreach(Iterator.scala:1300)
	at ai.glog.cpg.analysis.MethodAnalyzer$.getFieldsToRemediate$$anonfun$1(MethodAnalyzer.scala:72)
	at scala.runtime.function.JProcedure1.apply(JProcedure1.java:15)
	at scala.runtime.function.JProcedure1.apply(JProcedure1.java:10)
	at scala.collection.IterableOnceOps.foreach(IterableOnce.scala:576)
	at scala.collection.IterableOnceOps.foreach$(IterableOnce.scala:574)
	at scala.collection.AbstractIterator.foreach(Iterator.scala:1300)
	at ai.glog.cpg.analysis.MethodAnalyzer$.getFieldsToRemediate(MethodAnalyzer.scala:75)
	at ai.glog.cpg.analysis.MethodAnalyzer.getFieldsToRemediate(MethodAnalyzer.scala)
	at ai.glog.plugins.spotbugs.bug.resolve.SpringMvcEndpointResolver.getFieldsToRemediate(SpringMvcEndpointResolver.java:238)
	at ai.glog.plugins.spotbugs.bug.resolve.SpringMvcEndpointResolver.getDetailText(SpringMvcEndpointResolver.java:180)
	at ai.glog.execute.GlogTriage.setDetailsForGenuineFinding(GlogTriage.java:150)
	at ai.glog.execute.GlogTriage.execute(GlogTriage.java:73)
	at ai.glog.GlogCommandLine.main(GlogCommandLine.java:65)

Apr 07, 2025 1:30:21 PM ai.glog.plugins.spotbugs.bug.resolve.SpringMvcEndpointResolver getDetailText
SEVERE: next on empty iterator
java.util.NoSuchElementException: next on empty iterator
	at scala.collection.Iterator$$anon$19.next(Iterator.scala:973)
	at scala.collection.Iterator$$anon$19.next(Iterator.scala:971)
	at scala.collection.Iterator$$anon$6.next(Iterator.scala:492)
	at flatgraph.traversal.GenericSteps$.head$extension(Language.scala:77)
	at ai.glog.cpg.analysis.TypeAnalyzer.getPublicStringFields(TypeAnalyzer.scala:25)
	at ai.glog.cpg.analysis.MethodAnalyzer$.getFieldsToRemediate$$anonfun$1$$anonfun$3(MethodAnalyzer.scala:60)
	at scala.runtime.function.JProcedure1.apply(JProcedure1.java:15)
	at scala.runtime.function.JProcedure1.apply(JProcedure1.java:10)
	at scala.collection.IterableOnceOps.foreach(IterableOnce.scala:576)
	at scala.collection.IterableOnceOps.foreach$(IterableOnce.scala:574)
	at scala.collection.AbstractIterator.foreach(Iterator.scala:1300)
	at ai.glog.cpg.analysis.MethodAnalyzer$.getFieldsToRemediate$$anonfun$1(MethodAnalyzer.scala:72)
	at scala.runtime.function.JProcedure1.apply(JProcedure1.java:15)
	at scala.runtime.function.JProcedure1.apply(JProcedure1.java:10)
	at scala.collection.IterableOnceOps.foreach(IterableOnce.scala:576)
	at scala.collection.IterableOnceOps.foreach$(IterableOnce.scala:574)
	at scala.collection.AbstractIterator.foreach(Iterator.scala:1300)
	at ai.glog.cpg.analysis.MethodAnalyzer$.getFieldsToRemediate(MethodAnalyzer.scala:75)
	at ai.glog.cpg.analysis.MethodAnalyzer.getFieldsToRemediate(MethodAnalyzer.scala)
	at ai.glog.plugins.spotbugs.bug.resolve.SpringMvcEndpointResolver.getFieldsToRemediate(SpringMvcEndpointResolver.java:238)
	at ai.glog.plugins.spotbugs.bug.resolve.SpringMvcEndpointResolver.getDetailText(SpringMvcEndpointResolver.java:180)
	at ai.glog.execute.GlogTriage.execute(GlogTriage.java:71)
	at ai.glog.GlogCommandLine.main(GlogCommandLine.java:65)

Apr 07, 2025 1:30:21 PM ai.glog.plugins.spotbugs.bug.resolve.SpringMvcEndpointResolver getDetailText
SEVERE: next on empty iterator
java.util.NoSuchElementException: next on empty iterator
	at scala.collection.Iterator$$anon$19.next(Iterator.scala:973)
	at scala.collection.Iterator$$anon$19.next(Iterator.scala:971)
	at scala.collection.Iterator$$anon$6.next(Iterator.scala:492)
	at flatgraph.traversal.GenericSteps$.head$extension(Language.scala:77)
	at ai.glog.cpg.analysis.TypeAnalyzer.getPublicStringFields(TypeAnalyzer.scala:25)
	at ai.glog.cpg.analysis.MethodAnalyzer$.getFieldsToRemediate$$anonfun$1$$anonfun$3(MethodAnalyzer.scala:60)
	at scala.runtime.function.JProcedure1.apply(JProcedure1.java:15)
	at scala.runtime.function.JProcedure1.apply(JProcedure1.java:10)
	at scala.collection.IterableOnceOps.foreach(IterableOnce.scala:576)
	at scala.collection.IterableOnceOps.foreach$(IterableOnce.scala:574)
	at scala.collection.AbstractIterator.foreach(Iterator.scala:1300)
	at ai.glog.cpg.analysis.MethodAnalyzer$.getFieldsToRemediate$$anonfun$1(MethodAnalyzer.scala:72)
	at scala.runtime.function.JProcedure1.apply(JProcedure1.java:15)
	at scala.runtime.function.JProcedure1.apply(JProcedure1.java:10)
	at scala.collection.IterableOnceOps.foreach(IterableOnce.scala:576)
	at scala.collection.IterableOnceOps.foreach$(IterableOnce.scala:574)
	at scala.collection.AbstractIterator.foreach(Iterator.scala:1300)
	at ai.glog.cpg.analysis.MethodAnalyzer$.getFieldsToRemediate(MethodAnalyzer.scala:75)
	at ai.glog.cpg.analysis.MethodAnalyzer.getFieldsToRemediate(MethodAnalyzer.scala)
	at ai.glog.plugins.spotbugs.bug.resolve.SpringMvcEndpointResolver.getFieldsToRemediate(SpringMvcEndpointResolver.java:238)
	at ai.glog.plugins.spotbugs.bug.resolve.SpringMvcEndpointResolver.getDetailText(SpringMvcEndpointResolver.java:180)
	at ai.glog.execute.GlogTriage.setDetailsForGenuineFinding(GlogTriage.java:150)
	at ai.glog.execute.GlogTriage.execute(GlogTriage.java:73)
	at ai.glog.GlogCommandLine.main(GlogCommandLine.java:65)

