Nov 16, 2024 7:50:10 PM ai.glog.plugins.spotbugs.bug.resolve.SpringMvcEndpointResolver getFieldsToRemediate
SEVERE: RequestHeader (of class java.lang.String)
scala.MatchError: RequestHeader (of class java.lang.String)
	at ai.glog.cpg.analysis.MethodAnalyzer$.getFieldsToRemediate$$anonfun$1$$anonfun$3(MethodAnalyzer.scala:70)
	at scala.runtime.function.JProcedure1.apply(JProcedure1.java:15)
	at scala.runtime.function.JProcedure1.apply(JProcedure1.java:10)
	at scala.collection.IterableOnceOps.foreach(IterableOnce.scala:576)
	at scala.collection.IterableOnceOps.foreach$(IterableOnce.scala:574)
	at scala.collection.AbstractIterator.foreach(Iterator.scala:1300)
	at ai.glog.cpg.analysis.MethodAnalyzer$.getFieldsToRemediate$$anonfun$1(MethodAnalyzer.scala:71)
	at scala.runtime.function.JProcedure1.apply(JProcedure1.java:15)
	at scala.runtime.function.JProcedure1.apply(JProcedure1.java:10)
	at scala.collection.IterableOnceOps.foreach(IterableOnce.scala:576)
	at scala.collection.IterableOnceOps.foreach$(IterableOnce.scala:574)
	at scala.collection.AbstractIterator.foreach(Iterator.scala:1300)
	at ai.glog.cpg.analysis.MethodAnalyzer$.getFieldsToRemediate(MethodAnalyzer.scala:74)
	at ai.glog.cpg.analysis.MethodAnalyzer.getFieldsToRemediate(MethodAnalyzer.scala)
	at ai.glog.plugins.spotbugs.bug.resolve.SpringMvcEndpointResolver.getFieldsToRemediate(SpringMvcEndpointResolver.java:238)
	at ai.glog.plugins.spotbugs.bug.resolve.SpringMvcEndpointResolver.getDetailText(SpringMvcEndpointResolver.java:180)
	at ai.glog.execute.GlogTriage.execute(GlogTriage.java:69)
	at ai.glog.GlogCommandLine.main(GlogCommandLine.java:65)

Nov 16, 2024 7:50:10 PM ai.glog.plugins.spotbugs.bug.resolve.SpringMvcEndpointResolver getFieldsToRemediate
SEVERE: RequestHeader (of class java.lang.String)
scala.MatchError: RequestHeader (of class java.lang.String)
	at ai.glog.cpg.analysis.MethodAnalyzer$.getFieldsToRemediate$$anonfun$1$$anonfun$3(MethodAnalyzer.scala:70)
	at scala.runtime.function.JProcedure1.apply(JProcedure1.java:15)
	at scala.runtime.function.JProcedure1.apply(JProcedure1.java:10)
	at scala.collection.IterableOnceOps.foreach(IterableOnce.scala:576)
	at scala.collection.IterableOnceOps.foreach$(IterableOnce.scala:574)
	at scala.collection.AbstractIterator.foreach(Iterator.scala:1300)
	at ai.glog.cpg.analysis.MethodAnalyzer$.getFieldsToRemediate$$anonfun$1(MethodAnalyzer.scala:71)
	at scala.runtime.function.JProcedure1.apply(JProcedure1.java:15)
	at scala.runtime.function.JProcedure1.apply(JProcedure1.java:10)
	at scala.collection.IterableOnceOps.foreach(IterableOnce.scala:576)
	at scala.collection.IterableOnceOps.foreach$(IterableOnce.scala:574)
	at scala.collection.AbstractIterator.foreach(Iterator.scala:1300)
	at ai.glog.cpg.analysis.MethodAnalyzer$.getFieldsToRemediate(MethodAnalyzer.scala:74)
	at ai.glog.cpg.analysis.MethodAnalyzer.getFieldsToRemediate(MethodAnalyzer.scala)
	at ai.glog.plugins.spotbugs.bug.resolve.SpringMvcEndpointResolver.getFieldsToRemediate(SpringMvcEndpointResolver.java:238)
	at ai.glog.plugins.spotbugs.bug.resolve.SpringMvcEndpointResolver.getDetailText(SpringMvcEndpointResolver.java:180)
	at ai.glog.execute.GlogTriage.setDetailsForGenuineFinding(GlogTriage.java:148)
	at ai.glog.execute.GlogTriage.execute(GlogTriage.java:71)
	at ai.glog.GlogCommandLine.main(GlogCommandLine.java:65)

Nov 16, 2024 7:50:10 PM ai.glog.plugins.spotbugs.bug.resolve.SpringMvcEndpointResolver getFieldsToRemediate
SEVERE: RequestHeader (of class java.lang.String)
scala.MatchError: RequestHeader (of class java.lang.String)
	at ai.glog.cpg.analysis.MethodAnalyzer$.getFieldsToRemediate$$anonfun$1$$anonfun$3(MethodAnalyzer.scala:70)
	at scala.runtime.function.JProcedure1.apply(JProcedure1.java:15)
	at scala.runtime.function.JProcedure1.apply(JProcedure1.java:10)
	at scala.collection.IterableOnceOps.foreach(IterableOnce.scala:576)
	at scala.collection.IterableOnceOps.foreach$(IterableOnce.scala:574)
	at scala.collection.AbstractIterator.foreach(Iterator.scala:1300)
	at ai.glog.cpg.analysis.MethodAnalyzer$.getFieldsToRemediate$$anonfun$1(MethodAnalyzer.scala:71)
	at scala.runtime.function.JProcedure1.apply(JProcedure1.java:15)
	at scala.runtime.function.JProcedure1.apply(JProcedure1.java:10)
	at scala.collection.IterableOnceOps.foreach(IterableOnce.scala:576)
	at scala.collection.IterableOnceOps.foreach$(IterableOnce.scala:574)
	at scala.collection.AbstractIterator.foreach(Iterator.scala:1300)
	at ai.glog.cpg.analysis.MethodAnalyzer$.getFieldsToRemediate(MethodAnalyzer.scala:74)
	at ai.glog.cpg.analysis.MethodAnalyzer.getFieldsToRemediate(MethodAnalyzer.scala)
	at ai.glog.plugins.spotbugs.bug.resolve.SpringMvcEndpointResolver.getFieldsToRemediate(SpringMvcEndpointResolver.java:238)
	at ai.glog.plugins.spotbugs.bug.resolve.SpringMvcEndpointResolver.getDetailText(SpringMvcEndpointResolver.java:180)
	at ai.glog.execute.GlogTriage.execute(GlogTriage.java:69)
	at ai.glog.GlogCommandLine.main(GlogCommandLine.java:65)

Nov 16, 2024 7:50:10 PM ai.glog.plugins.spotbugs.bug.resolve.SpringMvcEndpointResolver getFieldsToRemediate
SEVERE: RequestHeader (of class java.lang.String)
scala.MatchError: RequestHeader (of class java.lang.String)
	at ai.glog.cpg.analysis.MethodAnalyzer$.getFieldsToRemediate$$anonfun$1$$anonfun$3(MethodAnalyzer.scala:70)
	at scala.runtime.function.JProcedure1.apply(JProcedure1.java:15)
	at scala.runtime.function.JProcedure1.apply(JProcedure1.java:10)
	at scala.collection.IterableOnceOps.foreach(IterableOnce.scala:576)
	at scala.collection.IterableOnceOps.foreach$(IterableOnce.scala:574)
	at scala.collection.AbstractIterator.foreach(Iterator.scala:1300)
	at ai.glog.cpg.analysis.MethodAnalyzer$.getFieldsToRemediate$$anonfun$1(MethodAnalyzer.scala:71)
	at scala.runtime.function.JProcedure1.apply(JProcedure1.java:15)
	at scala.runtime.function.JProcedure1.apply(JProcedure1.java:10)
	at scala.collection.IterableOnceOps.foreach(IterableOnce.scala:576)
	at scala.collection.IterableOnceOps.foreach$(IterableOnce.scala:574)
	at scala.collection.AbstractIterator.foreach(Iterator.scala:1300)
	at ai.glog.cpg.analysis.MethodAnalyzer$.getFieldsToRemediate(MethodAnalyzer.scala:74)
	at ai.glog.cpg.analysis.MethodAnalyzer.getFieldsToRemediate(MethodAnalyzer.scala)
	at ai.glog.plugins.spotbugs.bug.resolve.SpringMvcEndpointResolver.getFieldsToRemediate(SpringMvcEndpointResolver.java:238)
	at ai.glog.plugins.spotbugs.bug.resolve.SpringMvcEndpointResolver.getDetailText(SpringMvcEndpointResolver.java:180)
	at ai.glog.execute.GlogTriage.setDetailsForGenuineFinding(GlogTriage.java:148)
	at ai.glog.execute.GlogTriage.execute(GlogTriage.java:71)
	at ai.glog.GlogCommandLine.main(GlogCommandLine.java:65)

Nov 16, 2024 7:50:10 PM ai.glog.plugins.spotbugs.bug.resolve.SpringMvcEndpointResolver getFieldsToRemediate
SEVERE: RequestHeader (of class java.lang.String)
scala.MatchError: RequestHeader (of class java.lang.String)
	at ai.glog.cpg.analysis.MethodAnalyzer$.getFieldsToRemediate$$anonfun$1$$anonfun$3(MethodAnalyzer.scala:70)
	at scala.runtime.function.JProcedure1.apply(JProcedure1.java:15)
	at scala.runtime.function.JProcedure1.apply(JProcedure1.java:10)
	at scala.collection.IterableOnceOps.foreach(IterableOnce.scala:576)
	at scala.collection.IterableOnceOps.foreach$(IterableOnce.scala:574)
	at scala.collection.AbstractIterator.foreach(Iterator.scala:1300)
	at ai.glog.cpg.analysis.MethodAnalyzer$.getFieldsToRemediate$$anonfun$1(MethodAnalyzer.scala:71)
	at scala.runtime.function.JProcedure1.apply(JProcedure1.java:15)
	at scala.runtime.function.JProcedure1.apply(JProcedure1.java:10)
	at scala.collection.IterableOnceOps.foreach(IterableOnce.scala:576)
	at scala.collection.IterableOnceOps.foreach$(IterableOnce.scala:574)
	at scala.collection.AbstractIterator.foreach(Iterator.scala:1300)
	at ai.glog.cpg.analysis.MethodAnalyzer$.getFieldsToRemediate(MethodAnalyzer.scala:74)
	at ai.glog.cpg.analysis.MethodAnalyzer.getFieldsToRemediate(MethodAnalyzer.scala)
	at ai.glog.plugins.spotbugs.bug.resolve.SpringMvcEndpointResolver.getFieldsToRemediate(SpringMvcEndpointResolver.java:238)
	at ai.glog.plugins.spotbugs.bug.resolve.SpringMvcEndpointResolver.getDetailText(SpringMvcEndpointResolver.java:180)
	at ai.glog.execute.GlogTriage.execute(GlogTriage.java:69)
	at ai.glog.GlogCommandLine.main(GlogCommandLine.java:65)

Nov 16, 2024 7:50:10 PM ai.glog.plugins.spotbugs.bug.resolve.SpringMvcEndpointResolver getFieldsToRemediate
SEVERE: RequestHeader (of class java.lang.String)
scala.MatchError: RequestHeader (of class java.lang.String)
	at ai.glog.cpg.analysis.MethodAnalyzer$.getFieldsToRemediate$$anonfun$1$$anonfun$3(MethodAnalyzer.scala:70)
	at scala.runtime.function.JProcedure1.apply(JProcedure1.java:15)
	at scala.runtime.function.JProcedure1.apply(JProcedure1.java:10)
	at scala.collection.IterableOnceOps.foreach(IterableOnce.scala:576)
	at scala.collection.IterableOnceOps.foreach$(IterableOnce.scala:574)
	at scala.collection.AbstractIterator.foreach(Iterator.scala:1300)
	at ai.glog.cpg.analysis.MethodAnalyzer$.getFieldsToRemediate$$anonfun$1(MethodAnalyzer.scala:71)
	at scala.runtime.function.JProcedure1.apply(JProcedure1.java:15)
	at scala.runtime.function.JProcedure1.apply(JProcedure1.java:10)
	at scala.collection.IterableOnceOps.foreach(IterableOnce.scala:576)
	at scala.collection.IterableOnceOps.foreach$(IterableOnce.scala:574)
	at scala.collection.AbstractIterator.foreach(Iterator.scala:1300)
	at ai.glog.cpg.analysis.MethodAnalyzer$.getFieldsToRemediate(MethodAnalyzer.scala:74)
	at ai.glog.cpg.analysis.MethodAnalyzer.getFieldsToRemediate(MethodAnalyzer.scala)
	at ai.glog.plugins.spotbugs.bug.resolve.SpringMvcEndpointResolver.getFieldsToRemediate(SpringMvcEndpointResolver.java:238)
	at ai.glog.plugins.spotbugs.bug.resolve.SpringMvcEndpointResolver.getDetailText(SpringMvcEndpointResolver.java:180)
	at ai.glog.execute.GlogTriage.setDetailsForGenuineFinding(GlogTriage.java:148)
	at ai.glog.execute.GlogTriage.execute(GlogTriage.java:71)
	at ai.glog.GlogCommandLine.main(GlogCommandLine.java:65)

Nov 16, 2024 7:50:10 PM ai.glog.plugins.spotbugs.bug.resolve.SpringMvcEndpointResolver getFieldsToRemediate
SEVERE: RequestHeader (of class java.lang.String)
scala.MatchError: RequestHeader (of class java.lang.String)
	at ai.glog.cpg.analysis.MethodAnalyzer$.getFieldsToRemediate$$anonfun$1$$anonfun$3(MethodAnalyzer.scala:70)
	at scala.runtime.function.JProcedure1.apply(JProcedure1.java:15)
	at scala.runtime.function.JProcedure1.apply(JProcedure1.java:10)
	at scala.collection.IterableOnceOps.foreach(IterableOnce.scala:576)
	at scala.collection.IterableOnceOps.foreach$(IterableOnce.scala:574)
	at scala.collection.AbstractIterator.foreach(Iterator.scala:1300)
	at ai.glog.cpg.analysis.MethodAnalyzer$.getFieldsToRemediate$$anonfun$1(MethodAnalyzer.scala:71)
	at scala.runtime.function.JProcedure1.apply(JProcedure1.java:15)
	at scala.runtime.function.JProcedure1.apply(JProcedure1.java:10)
	at scala.collection.IterableOnceOps.foreach(IterableOnce.scala:576)
	at scala.collection.IterableOnceOps.foreach$(IterableOnce.scala:574)
	at scala.collection.AbstractIterator.foreach(Iterator.scala:1300)
	at ai.glog.cpg.analysis.MethodAnalyzer$.getFieldsToRemediate(MethodAnalyzer.scala:74)
	at ai.glog.cpg.analysis.MethodAnalyzer.getFieldsToRemediate(MethodAnalyzer.scala)
	at ai.glog.plugins.spotbugs.bug.resolve.SpringMvcEndpointResolver.getFieldsToRemediate(SpringMvcEndpointResolver.java:238)
	at ai.glog.plugins.spotbugs.bug.resolve.SpringMvcEndpointResolver.getDetailText(SpringMvcEndpointResolver.java:180)
	at ai.glog.execute.GlogTriage.execute(GlogTriage.java:69)
	at ai.glog.GlogCommandLine.main(GlogCommandLine.java:65)

Nov 16, 2024 7:50:10 PM ai.glog.plugins.spotbugs.bug.resolve.SpringMvcEndpointResolver getFieldsToRemediate
SEVERE: RequestHeader (of class java.lang.String)
scala.MatchError: RequestHeader (of class java.lang.String)
	at ai.glog.cpg.analysis.MethodAnalyzer$.getFieldsToRemediate$$anonfun$1$$anonfun$3(MethodAnalyzer.scala:70)
	at scala.runtime.function.JProcedure1.apply(JProcedure1.java:15)
	at scala.runtime.function.JProcedure1.apply(JProcedure1.java:10)
	at scala.collection.IterableOnceOps.foreach(IterableOnce.scala:576)
	at scala.collection.IterableOnceOps.foreach$(IterableOnce.scala:574)
	at scala.collection.AbstractIterator.foreach(Iterator.scala:1300)
	at ai.glog.cpg.analysis.MethodAnalyzer$.getFieldsToRemediate$$anonfun$1(MethodAnalyzer.scala:71)
	at scala.runtime.function.JProcedure1.apply(JProcedure1.java:15)
	at scala.runtime.function.JProcedure1.apply(JProcedure1.java:10)
	at scala.collection.IterableOnceOps.foreach(IterableOnce.scala:576)
	at scala.collection.IterableOnceOps.foreach$(IterableOnce.scala:574)
	at scala.collection.AbstractIterator.foreach(Iterator.scala:1300)
	at ai.glog.cpg.analysis.MethodAnalyzer$.getFieldsToRemediate(MethodAnalyzer.scala:74)
	at ai.glog.cpg.analysis.MethodAnalyzer.getFieldsToRemediate(MethodAnalyzer.scala)
	at ai.glog.plugins.spotbugs.bug.resolve.SpringMvcEndpointResolver.getFieldsToRemediate(SpringMvcEndpointResolver.java:238)
	at ai.glog.plugins.spotbugs.bug.resolve.SpringMvcEndpointResolver.getDetailText(SpringMvcEndpointResolver.java:180)
	at ai.glog.execute.GlogTriage.setDetailsForGenuineFinding(GlogTriage.java:148)
	at ai.glog.execute.GlogTriage.execute(GlogTriage.java:71)
	at ai.glog.GlogCommandLine.main(GlogCommandLine.java:65)

Nov 16, 2024 7:50:10 PM ai.glog.plugins.spotbugs.bug.resolve.SpringMvcEndpointResolver getFieldsToRemediate
SEVERE: RequestHeader (of class java.lang.String)
scala.MatchError: RequestHeader (of class java.lang.String)
	at ai.glog.cpg.analysis.MethodAnalyzer$.getFieldsToRemediate$$anonfun$1$$anonfun$3(MethodAnalyzer.scala:70)
	at scala.runtime.function.JProcedure1.apply(JProcedure1.java:15)
	at scala.runtime.function.JProcedure1.apply(JProcedure1.java:10)
	at scala.collection.IterableOnceOps.foreach(IterableOnce.scala:576)
	at scala.collection.IterableOnceOps.foreach$(IterableOnce.scala:574)
	at scala.collection.AbstractIterator.foreach(Iterator.scala:1300)
	at ai.glog.cpg.analysis.MethodAnalyzer$.getFieldsToRemediate$$anonfun$1(MethodAnalyzer.scala:71)
	at scala.runtime.function.JProcedure1.apply(JProcedure1.java:15)
	at scala.runtime.function.JProcedure1.apply(JProcedure1.java:10)
	at scala.collection.IterableOnceOps.foreach(IterableOnce.scala:576)
	at scala.collection.IterableOnceOps.foreach$(IterableOnce.scala:574)
	at scala.collection.AbstractIterator.foreach(Iterator.scala:1300)
	at ai.glog.cpg.analysis.MethodAnalyzer$.getFieldsToRemediate(MethodAnalyzer.scala:74)
	at ai.glog.cpg.analysis.MethodAnalyzer.getFieldsToRemediate(MethodAnalyzer.scala)
	at ai.glog.plugins.spotbugs.bug.resolve.SpringMvcEndpointResolver.getFieldsToRemediate(SpringMvcEndpointResolver.java:238)
	at ai.glog.plugins.spotbugs.bug.resolve.SpringMvcEndpointResolver.getDetailText(SpringMvcEndpointResolver.java:180)
	at ai.glog.execute.GlogTriage.execute(GlogTriage.java:69)
	at ai.glog.GlogCommandLine.main(GlogCommandLine.java:65)

Nov 16, 2024 7:50:10 PM ai.glog.plugins.spotbugs.bug.resolve.SpringMvcEndpointResolver getFieldsToRemediate
SEVERE: RequestHeader (of class java.lang.String)
scala.MatchError: RequestHeader (of class java.lang.String)
	at ai.glog.cpg.analysis.MethodAnalyzer$.getFieldsToRemediate$$anonfun$1$$anonfun$3(MethodAnalyzer.scala:70)
	at scala.runtime.function.JProcedure1.apply(JProcedure1.java:15)
	at scala.runtime.function.JProcedure1.apply(JProcedure1.java:10)
	at scala.collection.IterableOnceOps.foreach(IterableOnce.scala:576)
	at scala.collection.IterableOnceOps.foreach$(IterableOnce.scala:574)
	at scala.collection.AbstractIterator.foreach(Iterator.scala:1300)
	at ai.glog.cpg.analysis.MethodAnalyzer$.getFieldsToRemediate$$anonfun$1(MethodAnalyzer.scala:71)
	at scala.runtime.function.JProcedure1.apply(JProcedure1.java:15)
	at scala.runtime.function.JProcedure1.apply(JProcedure1.java:10)
	at scala.collection.IterableOnceOps.foreach(IterableOnce.scala:576)
	at scala.collection.IterableOnceOps.foreach$(IterableOnce.scala:574)
	at scala.collection.AbstractIterator.foreach(Iterator.scala:1300)
	at ai.glog.cpg.analysis.MethodAnalyzer$.getFieldsToRemediate(MethodAnalyzer.scala:74)
	at ai.glog.cpg.analysis.MethodAnalyzer.getFieldsToRemediate(MethodAnalyzer.scala)
	at ai.glog.plugins.spotbugs.bug.resolve.SpringMvcEndpointResolver.getFieldsToRemediate(SpringMvcEndpointResolver.java:238)
	at ai.glog.plugins.spotbugs.bug.resolve.SpringMvcEndpointResolver.getDetailText(SpringMvcEndpointResolver.java:180)
	at ai.glog.execute.GlogTriage.setDetailsForGenuineFinding(GlogTriage.java:148)
	at ai.glog.execute.GlogTriage.execute(GlogTriage.java:71)
	at ai.glog.GlogCommandLine.main(GlogCommandLine.java:65)

Nov 16, 2024 7:50:10 PM ai.glog.plugins.spotbugs.bug.resolve.SpringMvcEndpointResolver getFieldsToRemediate
SEVERE: RequestHeader (of class java.lang.String)
scala.MatchError: RequestHeader (of class java.lang.String)
	at ai.glog.cpg.analysis.MethodAnalyzer$.getFieldsToRemediate$$anonfun$1$$anonfun$3(MethodAnalyzer.scala:70)
	at scala.runtime.function.JProcedure1.apply(JProcedure1.java:15)
	at scala.runtime.function.JProcedure1.apply(JProcedure1.java:10)
	at scala.collection.IterableOnceOps.foreach(IterableOnce.scala:576)
	at scala.collection.IterableOnceOps.foreach$(IterableOnce.scala:574)
	at scala.collection.AbstractIterator.foreach(Iterator.scala:1300)
	at ai.glog.cpg.analysis.MethodAnalyzer$.getFieldsToRemediate$$anonfun$1(MethodAnalyzer.scala:71)
	at scala.runtime.function.JProcedure1.apply(JProcedure1.java:15)
	at scala.runtime.function.JProcedure1.apply(JProcedure1.java:10)
	at scala.collection.IterableOnceOps.foreach(IterableOnce.scala:576)
	at scala.collection.IterableOnceOps.foreach$(IterableOnce.scala:574)
	at scala.collection.AbstractIterator.foreach(Iterator.scala:1300)
	at ai.glog.cpg.analysis.MethodAnalyzer$.getFieldsToRemediate(MethodAnalyzer.scala:74)
	at ai.glog.cpg.analysis.MethodAnalyzer.getFieldsToRemediate(MethodAnalyzer.scala)
	at ai.glog.plugins.spotbugs.bug.resolve.SpringMvcEndpointResolver.getFieldsToRemediate(SpringMvcEndpointResolver.java:238)
	at ai.glog.plugins.spotbugs.bug.resolve.SpringMvcEndpointResolver.getDetailText(SpringMvcEndpointResolver.java:180)
	at ai.glog.execute.GlogTriage.execute(GlogTriage.java:69)
	at ai.glog.GlogCommandLine.main(GlogCommandLine.java:65)

Nov 16, 2024 7:50:10 PM ai.glog.plugins.spotbugs.bug.resolve.SpringMvcEndpointResolver getFieldsToRemediate
SEVERE: RequestHeader (of class java.lang.String)
scala.MatchError: RequestHeader (of class java.lang.String)
	at ai.glog.cpg.analysis.MethodAnalyzer$.getFieldsToRemediate$$anonfun$1$$anonfun$3(MethodAnalyzer.scala:70)
	at scala.runtime.function.JProcedure1.apply(JProcedure1.java:15)
	at scala.runtime.function.JProcedure1.apply(JProcedure1.java:10)
	at scala.collection.IterableOnceOps.foreach(IterableOnce.scala:576)
	at scala.collection.IterableOnceOps.foreach$(IterableOnce.scala:574)
	at scala.collection.AbstractIterator.foreach(Iterator.scala:1300)
	at ai.glog.cpg.analysis.MethodAnalyzer$.getFieldsToRemediate$$anonfun$1(MethodAnalyzer.scala:71)
	at scala.runtime.function.JProcedure1.apply(JProcedure1.java:15)
	at scala.runtime.function.JProcedure1.apply(JProcedure1.java:10)
	at scala.collection.IterableOnceOps.foreach(IterableOnce.scala:576)
	at scala.collection.IterableOnceOps.foreach$(IterableOnce.scala:574)
	at scala.collection.AbstractIterator.foreach(Iterator.scala:1300)
	at ai.glog.cpg.analysis.MethodAnalyzer$.getFieldsToRemediate(MethodAnalyzer.scala:74)
	at ai.glog.cpg.analysis.MethodAnalyzer.getFieldsToRemediate(MethodAnalyzer.scala)
	at ai.glog.plugins.spotbugs.bug.resolve.SpringMvcEndpointResolver.getFieldsToRemediate(SpringMvcEndpointResolver.java:238)
	at ai.glog.plugins.spotbugs.bug.resolve.SpringMvcEndpointResolver.getDetailText(SpringMvcEndpointResolver.java:180)
	at ai.glog.execute.GlogTriage.setDetailsForGenuineFinding(GlogTriage.java:148)
	at ai.glog.execute.GlogTriage.execute(GlogTriage.java:71)
	at ai.glog.GlogCommandLine.main(GlogCommandLine.java:65)

Nov 16, 2024 7:50:10 PM ai.glog.plugins.spotbugs.bug.resolve.SpringMvcEndpointResolver getFieldsToRemediate
SEVERE: RequestHeader (of class java.lang.String)
scala.MatchError: RequestHeader (of class java.lang.String)
	at ai.glog.cpg.analysis.MethodAnalyzer$.getFieldsToRemediate$$anonfun$1$$anonfun$3(MethodAnalyzer.scala:70)
	at scala.runtime.function.JProcedure1.apply(JProcedure1.java:15)
	at scala.runtime.function.JProcedure1.apply(JProcedure1.java:10)
	at scala.collection.IterableOnceOps.foreach(IterableOnce.scala:576)
	at scala.collection.IterableOnceOps.foreach$(IterableOnce.scala:574)
	at scala.collection.AbstractIterator.foreach(Iterator.scala:1300)
	at ai.glog.cpg.analysis.MethodAnalyzer$.getFieldsToRemediate$$anonfun$1(MethodAnalyzer.scala:71)
	at scala.runtime.function.JProcedure1.apply(JProcedure1.java:15)
	at scala.runtime.function.JProcedure1.apply(JProcedure1.java:10)
	at scala.collection.IterableOnceOps.foreach(IterableOnce.scala:576)
	at scala.collection.IterableOnceOps.foreach$(IterableOnce.scala:574)
	at scala.collection.AbstractIterator.foreach(Iterator.scala:1300)
	at ai.glog.cpg.analysis.MethodAnalyzer$.getFieldsToRemediate(MethodAnalyzer.scala:74)
	at ai.glog.cpg.analysis.MethodAnalyzer.getFieldsToRemediate(MethodAnalyzer.scala)
	at ai.glog.plugins.spotbugs.bug.resolve.SpringMvcEndpointResolver.getFieldsToRemediate(SpringMvcEndpointResolver.java:238)
	at ai.glog.plugins.spotbugs.bug.resolve.SpringMvcEndpointResolver.getDetailText(SpringMvcEndpointResolver.java:180)
	at ai.glog.execute.GlogTriage.execute(GlogTriage.java:69)
	at ai.glog.GlogCommandLine.main(GlogCommandLine.java:65)

Nov 16, 2024 7:50:10 PM ai.glog.plugins.spotbugs.bug.resolve.SpringMvcEndpointResolver getFieldsToRemediate
SEVERE: RequestHeader (of class java.lang.String)
scala.MatchError: RequestHeader (of class java.lang.String)
	at ai.glog.cpg.analysis.MethodAnalyzer$.getFieldsToRemediate$$anonfun$1$$anonfun$3(MethodAnalyzer.scala:70)
	at scala.runtime.function.JProcedure1.apply(JProcedure1.java:15)
	at scala.runtime.function.JProcedure1.apply(JProcedure1.java:10)
	at scala.collection.IterableOnceOps.foreach(IterableOnce.scala:576)
	at scala.collection.IterableOnceOps.foreach$(IterableOnce.scala:574)
	at scala.collection.AbstractIterator.foreach(Iterator.scala:1300)
	at ai.glog.cpg.analysis.MethodAnalyzer$.getFieldsToRemediate$$anonfun$1(MethodAnalyzer.scala:71)
	at scala.runtime.function.JProcedure1.apply(JProcedure1.java:15)
	at scala.runtime.function.JProcedure1.apply(JProcedure1.java:10)
	at scala.collection.IterableOnceOps.foreach(IterableOnce.scala:576)
	at scala.collection.IterableOnceOps.foreach$(IterableOnce.scala:574)
	at scala.collection.AbstractIterator.foreach(Iterator.scala:1300)
	at ai.glog.cpg.analysis.MethodAnalyzer$.getFieldsToRemediate(MethodAnalyzer.scala:74)
	at ai.glog.cpg.analysis.MethodAnalyzer.getFieldsToRemediate(MethodAnalyzer.scala)
	at ai.glog.plugins.spotbugs.bug.resolve.SpringMvcEndpointResolver.getFieldsToRemediate(SpringMvcEndpointResolver.java:238)
	at ai.glog.plugins.spotbugs.bug.resolve.SpringMvcEndpointResolver.getDetailText(SpringMvcEndpointResolver.java:180)
	at ai.glog.execute.GlogTriage.setDetailsForGenuineFinding(GlogTriage.java:148)
	at ai.glog.execute.GlogTriage.execute(GlogTriage.java:71)
	at ai.glog.GlogCommandLine.main(GlogCommandLine.java:65)

Nov 16, 2024 7:50:10 PM ai.glog.plugins.spotbugs.bug.resolve.SpringMvcEndpointResolver getFieldsToRemediate
SEVERE: RequestHeader (of class java.lang.String)
scala.MatchError: RequestHeader (of class java.lang.String)
	at ai.glog.cpg.analysis.MethodAnalyzer$.getFieldsToRemediate$$anonfun$1$$anonfun$3(MethodAnalyzer.scala:70)
	at scala.runtime.function.JProcedure1.apply(JProcedure1.java:15)
	at scala.runtime.function.JProcedure1.apply(JProcedure1.java:10)
	at scala.collection.IterableOnceOps.foreach(IterableOnce.scala:576)
	at scala.collection.IterableOnceOps.foreach$(IterableOnce.scala:574)
	at scala.collection.AbstractIterator.foreach(Iterator.scala:1300)
	at ai.glog.cpg.analysis.MethodAnalyzer$.getFieldsToRemediate$$anonfun$1(MethodAnalyzer.scala:71)
	at scala.runtime.function.JProcedure1.apply(JProcedure1.java:15)
	at scala.runtime.function.JProcedure1.apply(JProcedure1.java:10)
	at scala.collection.IterableOnceOps.foreach(IterableOnce.scala:576)
	at scala.collection.IterableOnceOps.foreach$(IterableOnce.scala:574)
	at scala.collection.AbstractIterator.foreach(Iterator.scala:1300)
	at ai.glog.cpg.analysis.MethodAnalyzer$.getFieldsToRemediate(MethodAnalyzer.scala:74)
	at ai.glog.cpg.analysis.MethodAnalyzer.getFieldsToRemediate(MethodAnalyzer.scala)
	at ai.glog.plugins.spotbugs.bug.resolve.SpringMvcEndpointResolver.getFieldsToRemediate(SpringMvcEndpointResolver.java:238)
	at ai.glog.plugins.spotbugs.bug.resolve.SpringMvcEndpointResolver.getDetailText(SpringMvcEndpointResolver.java:180)
	at ai.glog.execute.GlogTriage.execute(GlogTriage.java:69)
	at ai.glog.GlogCommandLine.main(GlogCommandLine.java:65)

Nov 16, 2024 7:50:10 PM ai.glog.plugins.spotbugs.bug.resolve.SpringMvcEndpointResolver getFieldsToRemediate
SEVERE: RequestHeader (of class java.lang.String)
scala.MatchError: RequestHeader (of class java.lang.String)
	at ai.glog.cpg.analysis.MethodAnalyzer$.getFieldsToRemediate$$anonfun$1$$anonfun$3(MethodAnalyzer.scala:70)
	at scala.runtime.function.JProcedure1.apply(JProcedure1.java:15)
	at scala.runtime.function.JProcedure1.apply(JProcedure1.java:10)
	at scala.collection.IterableOnceOps.foreach(IterableOnce.scala:576)
	at scala.collection.IterableOnceOps.foreach$(IterableOnce.scala:574)
	at scala.collection.AbstractIterator.foreach(Iterator.scala:1300)
	at ai.glog.cpg.analysis.MethodAnalyzer$.getFieldsToRemediate$$anonfun$1(MethodAnalyzer.scala:71)
	at scala.runtime.function.JProcedure1.apply(JProcedure1.java:15)
	at scala.runtime.function.JProcedure1.apply(JProcedure1.java:10)
	at scala.collection.IterableOnceOps.foreach(IterableOnce.scala:576)
	at scala.collection.IterableOnceOps.foreach$(IterableOnce.scala:574)
	at scala.collection.AbstractIterator.foreach(Iterator.scala:1300)
	at ai.glog.cpg.analysis.MethodAnalyzer$.getFieldsToRemediate(MethodAnalyzer.scala:74)
	at ai.glog.cpg.analysis.MethodAnalyzer.getFieldsToRemediate(MethodAnalyzer.scala)
	at ai.glog.plugins.spotbugs.bug.resolve.SpringMvcEndpointResolver.getFieldsToRemediate(SpringMvcEndpointResolver.java:238)
	at ai.glog.plugins.spotbugs.bug.resolve.SpringMvcEndpointResolver.getDetailText(SpringMvcEndpointResolver.java:180)
	at ai.glog.execute.GlogTriage.setDetailsForGenuineFinding(GlogTriage.java:148)
	at ai.glog.execute.GlogTriage.execute(GlogTriage.java:71)
	at ai.glog.GlogCommandLine.main(GlogCommandLine.java:65)

Nov 16, 2024 7:50:10 PM ai.glog.plugins.spotbugs.bug.resolve.SpringMvcEndpointResolver getFieldsToRemediate
SEVERE: RequestHeader (of class java.lang.String)
scala.MatchError: RequestHeader (of class java.lang.String)
	at ai.glog.cpg.analysis.MethodAnalyzer$.getFieldsToRemediate$$anonfun$1$$anonfun$3(MethodAnalyzer.scala:70)
	at scala.runtime.function.JProcedure1.apply(JProcedure1.java:15)
	at scala.runtime.function.JProcedure1.apply(JProcedure1.java:10)
	at scala.collection.IterableOnceOps.foreach(IterableOnce.scala:576)
	at scala.collection.IterableOnceOps.foreach$(IterableOnce.scala:574)
	at scala.collection.AbstractIterator.foreach(Iterator.scala:1300)
	at ai.glog.cpg.analysis.MethodAnalyzer$.getFieldsToRemediate$$anonfun$1(MethodAnalyzer.scala:71)
	at scala.runtime.function.JProcedure1.apply(JProcedure1.java:15)
	at scala.runtime.function.JProcedure1.apply(JProcedure1.java:10)
	at scala.collection.IterableOnceOps.foreach(IterableOnce.scala:576)
	at scala.collection.IterableOnceOps.foreach$(IterableOnce.scala:574)
	at scala.collection.AbstractIterator.foreach(Iterator.scala:1300)
	at ai.glog.cpg.analysis.MethodAnalyzer$.getFieldsToRemediate(MethodAnalyzer.scala:74)
	at ai.glog.cpg.analysis.MethodAnalyzer.getFieldsToRemediate(MethodAnalyzer.scala)
	at ai.glog.plugins.spotbugs.bug.resolve.SpringMvcEndpointResolver.getFieldsToRemediate(SpringMvcEndpointResolver.java:238)
	at ai.glog.plugins.spotbugs.bug.resolve.SpringMvcEndpointResolver.getDetailText(SpringMvcEndpointResolver.java:180)
	at ai.glog.execute.GlogTriage.execute(GlogTriage.java:69)
	at ai.glog.GlogCommandLine.main(GlogCommandLine.java:65)

Nov 16, 2024 7:50:10 PM ai.glog.plugins.spotbugs.bug.resolve.SpringMvcEndpointResolver getFieldsToRemediate
SEVERE: RequestHeader (of class java.lang.String)
scala.MatchError: RequestHeader (of class java.lang.String)
	at ai.glog.cpg.analysis.MethodAnalyzer$.getFieldsToRemediate$$anonfun$1$$anonfun$3(MethodAnalyzer.scala:70)
	at scala.runtime.function.JProcedure1.apply(JProcedure1.java:15)
	at scala.runtime.function.JProcedure1.apply(JProcedure1.java:10)
	at scala.collection.IterableOnceOps.foreach(IterableOnce.scala:576)
	at scala.collection.IterableOnceOps.foreach$(IterableOnce.scala:574)
	at scala.collection.AbstractIterator.foreach(Iterator.scala:1300)
	at ai.glog.cpg.analysis.MethodAnalyzer$.getFieldsToRemediate$$anonfun$1(MethodAnalyzer.scala:71)
	at scala.runtime.function.JProcedure1.apply(JProcedure1.java:15)
	at scala.runtime.function.JProcedure1.apply(JProcedure1.java:10)
	at scala.collection.IterableOnceOps.foreach(IterableOnce.scala:576)
	at scala.collection.IterableOnceOps.foreach$(IterableOnce.scala:574)
	at scala.collection.AbstractIterator.foreach(Iterator.scala:1300)
	at ai.glog.cpg.analysis.MethodAnalyzer$.getFieldsToRemediate(MethodAnalyzer.scala:74)
	at ai.glog.cpg.analysis.MethodAnalyzer.getFieldsToRemediate(MethodAnalyzer.scala)
	at ai.glog.plugins.spotbugs.bug.resolve.SpringMvcEndpointResolver.getFieldsToRemediate(SpringMvcEndpointResolver.java:238)
	at ai.glog.plugins.spotbugs.bug.resolve.SpringMvcEndpointResolver.getDetailText(SpringMvcEndpointResolver.java:180)
	at ai.glog.execute.GlogTriage.setDetailsForGenuineFinding(GlogTriage.java:148)
	at ai.glog.execute.GlogTriage.execute(GlogTriage.java:71)
	at ai.glog.GlogCommandLine.main(GlogCommandLine.java:65)

Nov 16, 2024 7:50:10 PM ai.glog.plugins.spotbugs.bug.resolve.SpringMvcEndpointResolver getFieldsToRemediate
SEVERE: RequestHeader (of class java.lang.String)
scala.MatchError: RequestHeader (of class java.lang.String)
	at ai.glog.cpg.analysis.MethodAnalyzer$.getFieldsToRemediate$$anonfun$1$$anonfun$3(MethodAnalyzer.scala:70)
	at scala.runtime.function.JProcedure1.apply(JProcedure1.java:15)
	at scala.runtime.function.JProcedure1.apply(JProcedure1.java:10)
	at scala.collection.IterableOnceOps.foreach(IterableOnce.scala:576)
	at scala.collection.IterableOnceOps.foreach$(IterableOnce.scala:574)
	at scala.collection.AbstractIterator.foreach(Iterator.scala:1300)
	at ai.glog.cpg.analysis.MethodAnalyzer$.getFieldsToRemediate$$anonfun$1(MethodAnalyzer.scala:71)
	at scala.runtime.function.JProcedure1.apply(JProcedure1.java:15)
	at scala.runtime.function.JProcedure1.apply(JProcedure1.java:10)
	at scala.collection.IterableOnceOps.foreach(IterableOnce.scala:576)
	at scala.collection.IterableOnceOps.foreach$(IterableOnce.scala:574)
	at scala.collection.AbstractIterator.foreach(Iterator.scala:1300)
	at ai.glog.cpg.analysis.MethodAnalyzer$.getFieldsToRemediate(MethodAnalyzer.scala:74)
	at ai.glog.cpg.analysis.MethodAnalyzer.getFieldsToRemediate(MethodAnalyzer.scala)
	at ai.glog.plugins.spotbugs.bug.resolve.SpringMvcEndpointResolver.getFieldsToRemediate(SpringMvcEndpointResolver.java:238)
	at ai.glog.plugins.spotbugs.bug.resolve.SpringMvcEndpointResolver.getDetailText(SpringMvcEndpointResolver.java:180)
	at ai.glog.execute.GlogTriage.execute(GlogTriage.java:69)
	at ai.glog.GlogCommandLine.main(GlogCommandLine.java:65)

Nov 16, 2024 7:50:10 PM ai.glog.plugins.spotbugs.bug.resolve.SpringMvcEndpointResolver getFieldsToRemediate
SEVERE: RequestHeader (of class java.lang.String)
scala.MatchError: RequestHeader (of class java.lang.String)
	at ai.glog.cpg.analysis.MethodAnalyzer$.getFieldsToRemediate$$anonfun$1$$anonfun$3(MethodAnalyzer.scala:70)
	at scala.runtime.function.JProcedure1.apply(JProcedure1.java:15)
	at scala.runtime.function.JProcedure1.apply(JProcedure1.java:10)
	at scala.collection.IterableOnceOps.foreach(IterableOnce.scala:576)
	at scala.collection.IterableOnceOps.foreach$(IterableOnce.scala:574)
	at scala.collection.AbstractIterator.foreach(Iterator.scala:1300)
	at ai.glog.cpg.analysis.MethodAnalyzer$.getFieldsToRemediate$$anonfun$1(MethodAnalyzer.scala:71)
	at scala.runtime.function.JProcedure1.apply(JProcedure1.java:15)
	at scala.runtime.function.JProcedure1.apply(JProcedure1.java:10)
	at scala.collection.IterableOnceOps.foreach(IterableOnce.scala:576)
	at scala.collection.IterableOnceOps.foreach$(IterableOnce.scala:574)
	at scala.collection.AbstractIterator.foreach(Iterator.scala:1300)
	at ai.glog.cpg.analysis.MethodAnalyzer$.getFieldsToRemediate(MethodAnalyzer.scala:74)
	at ai.glog.cpg.analysis.MethodAnalyzer.getFieldsToRemediate(MethodAnalyzer.scala)
	at ai.glog.plugins.spotbugs.bug.resolve.SpringMvcEndpointResolver.getFieldsToRemediate(SpringMvcEndpointResolver.java:238)
	at ai.glog.plugins.spotbugs.bug.resolve.SpringMvcEndpointResolver.getDetailText(SpringMvcEndpointResolver.java:180)
	at ai.glog.execute.GlogTriage.setDetailsForGenuineFinding(GlogTriage.java:148)
	at ai.glog.execute.GlogTriage.execute(GlogTriage.java:71)
	at ai.glog.GlogCommandLine.main(GlogCommandLine.java:65)

Nov 16, 2024 7:50:10 PM ai.glog.plugins.spotbugs.bug.resolve.SpringMvcEndpointResolver getFieldsToRemediate
SEVERE: RequestHeader (of class java.lang.String)
scala.MatchError: RequestHeader (of class java.lang.String)
	at ai.glog.cpg.analysis.MethodAnalyzer$.getFieldsToRemediate$$anonfun$1$$anonfun$3(MethodAnalyzer.scala:70)
	at scala.runtime.function.JProcedure1.apply(JProcedure1.java:15)
	at scala.runtime.function.JProcedure1.apply(JProcedure1.java:10)
	at scala.collection.IterableOnceOps.foreach(IterableOnce.scala:576)
	at scala.collection.IterableOnceOps.foreach$(IterableOnce.scala:574)
	at scala.collection.AbstractIterator.foreach(Iterator.scala:1300)
	at ai.glog.cpg.analysis.MethodAnalyzer$.getFieldsToRemediate$$anonfun$1(MethodAnalyzer.scala:71)
	at scala.runtime.function.JProcedure1.apply(JProcedure1.java:15)
	at scala.runtime.function.JProcedure1.apply(JProcedure1.java:10)
	at scala.collection.IterableOnceOps.foreach(IterableOnce.scala:576)
	at scala.collection.IterableOnceOps.foreach$(IterableOnce.scala:574)
	at scala.collection.AbstractIterator.foreach(Iterator.scala:1300)
	at ai.glog.cpg.analysis.MethodAnalyzer$.getFieldsToRemediate(MethodAnalyzer.scala:74)
	at ai.glog.cpg.analysis.MethodAnalyzer.getFieldsToRemediate(MethodAnalyzer.scala)
	at ai.glog.plugins.spotbugs.bug.resolve.SpringMvcEndpointResolver.getFieldsToRemediate(SpringMvcEndpointResolver.java:238)
	at ai.glog.plugins.spotbugs.bug.resolve.SpringMvcEndpointResolver.getDetailText(SpringMvcEndpointResolver.java:180)
	at ai.glog.execute.GlogTriage.execute(GlogTriage.java:69)
	at ai.glog.GlogCommandLine.main(GlogCommandLine.java:65)

Nov 16, 2024 7:50:10 PM ai.glog.plugins.spotbugs.bug.resolve.SpringMvcEndpointResolver getFieldsToRemediate
SEVERE: RequestHeader (of class java.lang.String)
scala.MatchError: RequestHeader (of class java.lang.String)
	at ai.glog.cpg.analysis.MethodAnalyzer$.getFieldsToRemediate$$anonfun$1$$anonfun$3(MethodAnalyzer.scala:70)
	at scala.runtime.function.JProcedure1.apply(JProcedure1.java:15)
	at scala.runtime.function.JProcedure1.apply(JProcedure1.java:10)
	at scala.collection.IterableOnceOps.foreach(IterableOnce.scala:576)
	at scala.collection.IterableOnceOps.foreach$(IterableOnce.scala:574)
	at scala.collection.AbstractIterator.foreach(Iterator.scala:1300)
	at ai.glog.cpg.analysis.MethodAnalyzer$.getFieldsToRemediate$$anonfun$1(MethodAnalyzer.scala:71)
	at scala.runtime.function.JProcedure1.apply(JProcedure1.java:15)
	at scala.runtime.function.JProcedure1.apply(JProcedure1.java:10)
	at scala.collection.IterableOnceOps.foreach(IterableOnce.scala:576)
	at scala.collection.IterableOnceOps.foreach$(IterableOnce.scala:574)
	at scala.collection.AbstractIterator.foreach(Iterator.scala:1300)
	at ai.glog.cpg.analysis.MethodAnalyzer$.getFieldsToRemediate(MethodAnalyzer.scala:74)
	at ai.glog.cpg.analysis.MethodAnalyzer.getFieldsToRemediate(MethodAnalyzer.scala)
	at ai.glog.plugins.spotbugs.bug.resolve.SpringMvcEndpointResolver.getFieldsToRemediate(SpringMvcEndpointResolver.java:238)
	at ai.glog.plugins.spotbugs.bug.resolve.SpringMvcEndpointResolver.getDetailText(SpringMvcEndpointResolver.java:180)
	at ai.glog.execute.GlogTriage.setDetailsForGenuineFinding(GlogTriage.java:148)
	at ai.glog.execute.GlogTriage.execute(GlogTriage.java:71)
	at ai.glog.GlogCommandLine.main(GlogCommandLine.java:65)

Nov 16, 2024 7:50:10 PM ai.glog.plugins.spotbugs.bug.resolve.SpringMvcEndpointResolver getFieldsToRemediate
SEVERE: RequestHeader (of class java.lang.String)
scala.MatchError: RequestHeader (of class java.lang.String)
	at ai.glog.cpg.analysis.MethodAnalyzer$.getFieldsToRemediate$$anonfun$1$$anonfun$3(MethodAnalyzer.scala:70)
	at scala.runtime.function.JProcedure1.apply(JProcedure1.java:15)
	at scala.runtime.function.JProcedure1.apply(JProcedure1.java:10)
	at scala.collection.IterableOnceOps.foreach(IterableOnce.scala:576)
	at scala.collection.IterableOnceOps.foreach$(IterableOnce.scala:574)
	at scala.collection.AbstractIterator.foreach(Iterator.scala:1300)
	at ai.glog.cpg.analysis.MethodAnalyzer$.getFieldsToRemediate$$anonfun$1(MethodAnalyzer.scala:71)
	at scala.runtime.function.JProcedure1.apply(JProcedure1.java:15)
	at scala.runtime.function.JProcedure1.apply(JProcedure1.java:10)
	at scala.collection.IterableOnceOps.foreach(IterableOnce.scala:576)
	at scala.collection.IterableOnceOps.foreach$(IterableOnce.scala:574)
	at scala.collection.AbstractIterator.foreach(Iterator.scala:1300)
	at ai.glog.cpg.analysis.MethodAnalyzer$.getFieldsToRemediate(MethodAnalyzer.scala:74)
	at ai.glog.cpg.analysis.MethodAnalyzer.getFieldsToRemediate(MethodAnalyzer.scala)
	at ai.glog.plugins.spotbugs.bug.resolve.SpringMvcEndpointResolver.getFieldsToRemediate(SpringMvcEndpointResolver.java:238)
	at ai.glog.plugins.spotbugs.bug.resolve.SpringMvcEndpointResolver.getDetailText(SpringMvcEndpointResolver.java:180)
	at ai.glog.execute.GlogTriage.execute(GlogTriage.java:69)
	at ai.glog.GlogCommandLine.main(GlogCommandLine.java:65)

Nov 16, 2024 7:50:10 PM ai.glog.plugins.spotbugs.bug.resolve.SpringMvcEndpointResolver getFieldsToRemediate
SEVERE: RequestHeader (of class java.lang.String)
scala.MatchError: RequestHeader (of class java.lang.String)
	at ai.glog.cpg.analysis.MethodAnalyzer$.getFieldsToRemediate$$anonfun$1$$anonfun$3(MethodAnalyzer.scala:70)
	at scala.runtime.function.JProcedure1.apply(JProcedure1.java:15)
	at scala.runtime.function.JProcedure1.apply(JProcedure1.java:10)
	at scala.collection.IterableOnceOps.foreach(IterableOnce.scala:576)
	at scala.collection.IterableOnceOps.foreach$(IterableOnce.scala:574)
	at scala.collection.AbstractIterator.foreach(Iterator.scala:1300)
	at ai.glog.cpg.analysis.MethodAnalyzer$.getFieldsToRemediate$$anonfun$1(MethodAnalyzer.scala:71)
	at scala.runtime.function.JProcedure1.apply(JProcedure1.java:15)
	at scala.runtime.function.JProcedure1.apply(JProcedure1.java:10)
	at scala.collection.IterableOnceOps.foreach(IterableOnce.scala:576)
	at scala.collection.IterableOnceOps.foreach$(IterableOnce.scala:574)
	at scala.collection.AbstractIterator.foreach(Iterator.scala:1300)
	at ai.glog.cpg.analysis.MethodAnalyzer$.getFieldsToRemediate(MethodAnalyzer.scala:74)
	at ai.glog.cpg.analysis.MethodAnalyzer.getFieldsToRemediate(MethodAnalyzer.scala)
	at ai.glog.plugins.spotbugs.bug.resolve.SpringMvcEndpointResolver.getFieldsToRemediate(SpringMvcEndpointResolver.java:238)
	at ai.glog.plugins.spotbugs.bug.resolve.SpringMvcEndpointResolver.getDetailText(SpringMvcEndpointResolver.java:180)
	at ai.glog.execute.GlogTriage.setDetailsForGenuineFinding(GlogTriage.java:148)
	at ai.glog.execute.GlogTriage.execute(GlogTriage.java:71)
	at ai.glog.GlogCommandLine.main(GlogCommandLine.java:65)

Nov 16, 2024 7:50:10 PM ai.glog.plugins.spotbugs.bug.resolve.SpringMvcEndpointResolver getFieldsToRemediate
SEVERE: RequestHeader (of class java.lang.String)
scala.MatchError: RequestHeader (of class java.lang.String)
	at ai.glog.cpg.analysis.MethodAnalyzer$.getFieldsToRemediate$$anonfun$1$$anonfun$3(MethodAnalyzer.scala:70)
	at scala.runtime.function.JProcedure1.apply(JProcedure1.java:15)
	at scala.runtime.function.JProcedure1.apply(JProcedure1.java:10)
	at scala.collection.IterableOnceOps.foreach(IterableOnce.scala:576)
	at scala.collection.IterableOnceOps.foreach$(IterableOnce.scala:574)
	at scala.collection.AbstractIterator.foreach(Iterator.scala:1300)
	at ai.glog.cpg.analysis.MethodAnalyzer$.getFieldsToRemediate$$anonfun$1(MethodAnalyzer.scala:71)
	at scala.runtime.function.JProcedure1.apply(JProcedure1.java:15)
	at scala.runtime.function.JProcedure1.apply(JProcedure1.java:10)
	at scala.collection.IterableOnceOps.foreach(IterableOnce.scala:576)
	at scala.collection.IterableOnceOps.foreach$(IterableOnce.scala:574)
	at scala.collection.AbstractIterator.foreach(Iterator.scala:1300)
	at ai.glog.cpg.analysis.MethodAnalyzer$.getFieldsToRemediate(MethodAnalyzer.scala:74)
	at ai.glog.cpg.analysis.MethodAnalyzer.getFieldsToRemediate(MethodAnalyzer.scala)
	at ai.glog.plugins.spotbugs.bug.resolve.SpringMvcEndpointResolver.getFieldsToRemediate(SpringMvcEndpointResolver.java:238)
	at ai.glog.plugins.spotbugs.bug.resolve.SpringMvcEndpointResolver.getDetailText(SpringMvcEndpointResolver.java:180)
	at ai.glog.execute.GlogTriage.execute(GlogTriage.java:69)
	at ai.glog.GlogCommandLine.main(GlogCommandLine.java:65)

Nov 16, 2024 7:50:10 PM ai.glog.plugins.spotbugs.bug.resolve.SpringMvcEndpointResolver getFieldsToRemediate
SEVERE: RequestHeader (of class java.lang.String)
scala.MatchError: RequestHeader (of class java.lang.String)
	at ai.glog.cpg.analysis.MethodAnalyzer$.getFieldsToRemediate$$anonfun$1$$anonfun$3(MethodAnalyzer.scala:70)
	at scala.runtime.function.JProcedure1.apply(JProcedure1.java:15)
	at scala.runtime.function.JProcedure1.apply(JProcedure1.java:10)
	at scala.collection.IterableOnceOps.foreach(IterableOnce.scala:576)
	at scala.collection.IterableOnceOps.foreach$(IterableOnce.scala:574)
	at scala.collection.AbstractIterator.foreach(Iterator.scala:1300)
	at ai.glog.cpg.analysis.MethodAnalyzer$.getFieldsToRemediate$$anonfun$1(MethodAnalyzer.scala:71)
	at scala.runtime.function.JProcedure1.apply(JProcedure1.java:15)
	at scala.runtime.function.JProcedure1.apply(JProcedure1.java:10)
	at scala.collection.IterableOnceOps.foreach(IterableOnce.scala:576)
	at scala.collection.IterableOnceOps.foreach$(IterableOnce.scala:574)
	at scala.collection.AbstractIterator.foreach(Iterator.scala:1300)
	at ai.glog.cpg.analysis.MethodAnalyzer$.getFieldsToRemediate(MethodAnalyzer.scala:74)
	at ai.glog.cpg.analysis.MethodAnalyzer.getFieldsToRemediate(MethodAnalyzer.scala)
	at ai.glog.plugins.spotbugs.bug.resolve.SpringMvcEndpointResolver.getFieldsToRemediate(SpringMvcEndpointResolver.java:238)
	at ai.glog.plugins.spotbugs.bug.resolve.SpringMvcEndpointResolver.getDetailText(SpringMvcEndpointResolver.java:180)
	at ai.glog.execute.GlogTriage.setDetailsForGenuineFinding(GlogTriage.java:148)
	at ai.glog.execute.GlogTriage.execute(GlogTriage.java:71)
	at ai.glog.GlogCommandLine.main(GlogCommandLine.java:65)

